<?xml version="1.0" encoding="UTF-8"?>
<!-- Generated by org.testng.reporters.JUnitReportReporter -->
<testsuite hostname="User" failures="0" tests="3" name="testPkg.SearchFunctionalityTest" time="96.767" errors="0" timestamp="2022-08-20T21:35:19 EDT" skipped="0">
  <testcase classname="testPkg.SearchFunctionalityTest" name="postiveSearchFuntionalityTest" time="24.571"/>
  <system-out/>
  <testcase classname="testPkg.SearchFunctionalityTest" name="postiveSearchFuntionalityTest" time="41.531"/>
  <system-out/>
  <testcase classname="testPkg.SearchFunctionalityTest" name="postiveSearchFuntionalityTest" time="30.665"/>
  <system-out/>
</testsuite> <!-- testPkg.SearchFunctionalityTest -->
